<?xml version="1.0" encoding="UTF-8"?>
<!-- Generated by org.testng.reporters.JUnitReportReporter -->
<testsuite hostname="LAPTOP-C6KC9NEF" failures="0" tests="1" name="TestCaseDemo.Test2" time="20.875" errors="0" timestamp="2025-03-11T09:24:10 IST" skipped="0">
  <testcase classname="TestCaseDemo.Test2" name="Testloginbutton" time="20.875"/>
  <system-out>
    <![CDATA[Screenshot taken by name title]]>
  </system-out>
</testsuite> <!-- TestCaseDemo.Test2 -->
